

Version:	3.50
CmdLine:	C:\Users\Harsha\IdeaProjects\CalculatorApp\out\artifacts\CalculatorApp_Jar\CalculatorApp.exe --l4j-debug
JNI:		No
WOW64:		Yes
Working dir:	C:\Users\Harsha\IdeaProjects\CalculatorApp\out\artifacts\CalculatorApp_Jar\.
Requires JDK:	No
Requires 64-Bit: No
Java min ver:	
Java max ver:	
JRE paths:	C:\Program Files\Java\jdk-20
Check launcher:	C:\Program Files\Java\jdk-20\bin\javaw.exe (OK)
Version string: 1.020.000_002 / 64-Bit (OK)
Launcher:	C:\Program Files\Java\jdk-20\bin\javaw.exe
Launcher args:	-jar "C:\Users\Harsha\IdeaProjects\CalculatorApp\out\artifacts\CalculatorApp_Jar\CalculatorApp.exe"
Args length:	99/32768 chars
Exit code:	0


Version:	3.50
CmdLine:	C:\Users\Harsha\IdeaProjects\CalculatorApp\out\artifacts\CalculatorApp_Jar\CalculatorApp.exe --l4j-debug
JNI:		No
WOW64:		Yes
Working dir:	C:\Users\Harsha\IdeaProjects\CalculatorApp\out\artifacts\CalculatorApp_Jar\.
Requires JDK:	No
Requires 64-Bit: No
Java min ver:	
Java max ver:	
JRE paths:	C:\Program Files\Java\jdk-20
Check launcher:	C:\Program Files\Java\jdk-20\bin\javaw.exe (OK)
Version string: 1.020.000_002 / 64-Bit (OK)
Launcher:	C:\Program Files\Java\jdk-20\bin\javaw.exe
Launcher args:	-jar "C:\Users\Harsha\IdeaProjects\CalculatorApp\out\artifacts\CalculatorApp_Jar\CalculatorApp.exe"
Args length:	99/32768 chars
Exit code:	0


Version:	3.50
CmdLine:	C:\Users\Harsha\IdeaProjects\CalculatorApp\out\artifacts\CalculatorApp_Jar\CalculatorApp.exe --l4j-debug
JNI:		No
WOW64:		Yes
Working dir:	C:\Users\Harsha\IdeaProjects\CalculatorApp\out\artifacts\CalculatorApp_Jar\.
Requires JDK:	No
Requires 64-Bit: No
Java min ver:	
Java max ver:	
JRE paths:	C:\Program Files\Java\jdk-20
Check launcher:	C:\Program Files\Java\jdk-20\bin\javaw.exe (OK)
Version string: 1.020.000_002 / 64-Bit (OK)
Launcher:	C:\Program Files\Java\jdk-20\bin\javaw.exe
Launcher args:	-jar "C:\Users\Harsha\IdeaProjects\CalculatorApp\out\artifacts\CalculatorApp_Jar\CalculatorApp.exe"
Args length:	99/32768 chars
Exit code:	0
